app/build/intermediates/manifest_merge_blame_file/debug/manifest-merger-blame-debug-report.txt
1<?xml version="1.0" encoding="utf-8"?>
2<manifest xmlns:android="http://schemas.android.com/apk/res/android"
3    package="com.example.firebaseuploadexample"
4    android:versionCode="1"
5    android:versionName="1.0" >
6
7    <uses-sdk
8        android:minSdkVersion="16"
8-->src\main\AndroidManifest.xml
9        android:targetSdkVersion="29" />
9-->src\main\AndroidManifest.xml
10
11    <uses-permission android:name="android.permission.INTERNET" />
11-->src\main\AndroidManifest.xml:5:5-67
11-->src\main\AndroidManifest.xml:5:22-64
12    <uses-permission android:name="android.permission.ACCESS_NETWORK_STATE" />
12-->[com.google.firebase:firebase-database:16.0.4] AndroidManifest.xml:22:5-79
12-->[com.google.firebase:firebase-database:16.0.4] AndroidManifest.xml:22:22-76
13
14    <application
14-->src\main\AndroidManifest.xml:7:5-33:19
15        android:allowBackup="true"
15-->src\main\AndroidManifest.xml:8:9-35
16        android:appComponentFactory="androidx.core.app.CoreComponentFactory"
16-->[androidx.core:core:1.1.0] AndroidManifest.xml:24:18-86
17        android:debuggable="true"
18        android:icon="@mipmap/ic_launcher"
18-->src\main\AndroidManifest.xml:9:9-43
19        android:label="@string/app_name"
19-->src\main\AndroidManifest.xml:10:9-41
20        android:roundIcon="@mipmap/ic_launcher_round"
20-->src\main\AndroidManifest.xml:11:9-54
21        android:supportsRtl="true"
21-->src\main\AndroidManifest.xml:12:9-35
22        android:theme="@style/AppTheme" >
22-->src\main\AndroidManifest.xml:13:9-40
23        <activity android:name="com.example.firebaseuploadexample.OtherActivity" />
23-->src\main\AndroidManifest.xml:15:9-51
23-->src\main\AndroidManifest.xml:15:19-48
24        <activity android:name="com.example.firebaseuploadexample.OptionActivity" />
24-->src\main\AndroidManifest.xml:16:9-52
24-->src\main\AndroidManifest.xml:16:19-49
25        <activity android:name="com.example.firebaseuploadexample.MathActivity" />
25-->src\main\AndroidManifest.xml:17:9-50
25-->src\main\AndroidManifest.xml:17:19-47
26        <activity android:name="com.example.firebaseuploadexample.IF2Activity" />
26-->src\main\AndroidManifest.xml:18:9-49
26-->src\main\AndroidManifest.xml:18:19-46
27        <activity android:name="com.example.firebaseuploadexample.EeeActivity" />
27-->src\main\AndroidManifest.xml:19:9-49
27-->src\main\AndroidManifest.xml:19:19-46
28        <activity android:name="com.example.firebaseuploadexample.CsiActivity" />
28-->src\main\AndroidManifest.xml:20:9-49
28-->src\main\AndroidManifest.xml:20:19-46
29        <activity android:name="com.example.firebaseuploadexample.CseActivity" />
29-->src\main\AndroidManifest.xml:21:9-49
29-->src\main\AndroidManifest.xml:21:19-46
30        <activity android:name="com.example.firebaseuploadexample.BbaActivity" />
30-->src\main\AndroidManifest.xml:22:9-49
30-->src\main\AndroidManifest.xml:22:19-46
31        <activity android:name="com.example.firebaseuploadexample.ImageActivity" />
31-->src\main\AndroidManifest.xml:23:9-51
31-->src\main\AndroidManifest.xml:23:19-48
32        <activity android:name="com.example.firebaseuploadexample.MainActivity" >
32-->src\main\AndroidManifest.xml:24:9-31:20
32-->src\main\AndroidManifest.xml:24:19-47
33            <intent-filter>
33-->src\main\AndroidManifest.xml:26:13-30:29
34                <action android:name="android.intent.action.MAIN" />
34-->src\main\AndroidManifest.xml:27:17-69
34-->src\main\AndroidManifest.xml:27:25-66
35
36                <category android:name="android.intent.category.LAUNCHER" />
36-->src\main\AndroidManifest.xml:29:17-77
36-->src\main\AndroidManifest.xml:29:27-74
37            </intent-filter>
38        </activity>
39        <activity
39-->[com.google.firebase:firebase-auth:16.0.5] AndroidManifest.xml:24:9-31:50
40            android:name="com.google.firebase.auth.internal.FederatedSignInActivity"
40-->[com.google.firebase:firebase-auth:16.0.5] AndroidManifest.xml:25:13-85
41            android:excludeFromRecents="true"
41-->[com.google.firebase:firebase-auth:16.0.5] AndroidManifest.xml:26:13-46
42            android:exported="true"
42-->[com.google.firebase:firebase-auth:16.0.5] AndroidManifest.xml:27:13-36
43            android:launchMode="singleTask"
43-->[com.google.firebase:firebase-auth:16.0.5] AndroidManifest.xml:28:13-44
44            android:permission="com.google.firebase.auth.api.gms.permission.LAUNCH_FEDERATED_SIGN_IN"
44-->[com.google.firebase:firebase-auth:16.0.5] AndroidManifest.xml:29:13-102
45            android:theme="@android:style/Theme.Translucent.NoTitleBar" />
45-->[com.google.firebase:firebase-auth:16.0.5] AndroidManifest.xml:30:13-72
46
47        <service
47-->[com.google.firebase:firebase-auth:16.0.5] AndroidManifest.xml:33:9-39:19
48            android:name="com.google.firebase.components.ComponentDiscoveryService"
48-->[com.google.firebase:firebase-auth:16.0.5] AndroidManifest.xml:34:13-84
49            android:exported="false" >
49-->[com.google.firebase:firebase-auth:16.0.5] AndroidManifest.xml:35:13-37
50            <meta-data
50-->[com.google.firebase:firebase-auth:16.0.5] AndroidManifest.xml:36:13-38:85
51                android:name="com.google.firebase.components:com.google.firebase.auth.FirebaseAuthRegistrar"
51-->[com.google.firebase:firebase-auth:16.0.5] AndroidManifest.xml:37:17-109
52                android:value="com.google.firebase.components.ComponentRegistrar" />
52-->[com.google.firebase:firebase-auth:16.0.5] AndroidManifest.xml:38:17-82
53        </service>
54
55        <activity
55-->[com.google.android.gms:play-services-base:16.0.1] AndroidManifest.xml:23:9-26:75
56            android:name="com.google.android.gms.common.api.GoogleApiActivity"
56-->[com.google.android.gms:play-services-base:16.0.1] AndroidManifest.xml:24:13-79
57            android:exported="false"
57-->[com.google.android.gms:play-services-base:16.0.1] AndroidManifest.xml:25:13-37
58            android:theme="@android:style/Theme.Translucent.NoTitleBar" />
58-->[com.google.android.gms:play-services-base:16.0.1] AndroidManifest.xml:26:13-72
59
60        <provider
60-->[com.google.firebase:firebase-common:16.0.3] AndroidManifest.xml:10:9-14:39
61            android:name="com.google.firebase.provider.FirebaseInitProvider"
61-->[com.google.firebase:firebase-common:16.0.3] AndroidManifest.xml:11:13-77
62            android:authorities="com.example.firebaseuploadexample.firebaseinitprovider"
62-->[com.google.firebase:firebase-common:16.0.3] AndroidManifest.xml:12:13-72
63            android:exported="false"
63-->[com.google.firebase:firebase-common:16.0.3] AndroidManifest.xml:13:13-37
64            android:initOrder="100" />
64-->[com.google.firebase:firebase-common:16.0.3] AndroidManifest.xml:14:13-36
65
66        <meta-data
66-->[com.google.android.gms:play-services-basement:16.1.0] AndroidManifest.xml:23:9-25:69
67            android:name="com.google.android.gms.version"
67-->[com.google.android.gms:play-services-basement:16.1.0] AndroidManifest.xml:24:13-58
68            android:value="@integer/google_play_services_version" />
68-->[com.google.android.gms:play-services-basement:16.1.0] AndroidManifest.xml:25:13-66
69    </application>
70
71</manifest>